Determining if the pthread_create exist failed with the following output:
Change Dir: /home/luis/catkin_ws/build/mavros_msgs/CMakeFiles/CMakeTmp

Run Build Command:"/usr/bin/make" "cmTC_d15e4/fast"
/usr/bin/make -f CMakeFiles/cmTC_d15e4.dir/build.make CMakeFiles/cmTC_d15e4.dir/build
make[1]: se entra en el directorio '/home/luis/catkin_ws/build/mavros_msgs/CMakeFiles/CMakeTmp'
Building C object CMakeFiles/cmTC_d15e4.dir/CheckSymbolExists.c.o
/usr/bin/cc     -o CMakeFiles/cmTC_d15e4.dir/CheckSymbolExists.c.o   -c /home/luis/catkin_ws/build/mavros_msgs/CMakeFiles/CMakeTmp/CheckSymbolExists.c
Linking C executable cmTC_d15e4
/usr/bin/cmake -E cmake_link_script CMakeFiles/cmTC_d15e4.dir/link.txt --verbose=1
/usr/bin/cc       CMakeFiles/cmTC_d15e4.dir/CheckSymbolExists.c.o  -o cmTC_d15e4 -rdynamic 
CMakeFiles/cmTC_d15e4.dir/CheckSymbolExists.c.o: En la funci√≥n `main':
CheckSymbolExists.c:(.text+0x16): referencia a `pthread_create' sin definir
collect2: error: ld returned 1 exit status
CMakeFiles/cmTC_d15e4.dir/build.make:97: fallo en las instrucciones para el objetivo 'cmTC_d15e4'
make[1]: *** [cmTC_d15e4] Error 1
make[1]: se sale del directorio '/home/luis/catkin_ws/build/mavros_msgs/CMakeFiles/CMakeTmp'
Makefile:126: fallo en las instrucciones para el objetivo 'cmTC_d15e4/fast'
make: *** [cmTC_d15e4/fast] Error 2

File /home/luis/catkin_ws/build/mavros_msgs/CMakeFiles/CMakeTmp/CheckSymbolExists.c:
/* */
#include <pthread.h>

int main(int argc, char** argv)
{
  (void)argv;
#ifndef pthread_create
  return ((int*)(&pthread_create))[argc];
#else
  (void)argc;
  return 0;
#endif
}

Determining if the function pthread_create exists in the pthreads failed with the following output:
Change Dir: /home/luis/catkin_ws/build/mavros_msgs/CMakeFiles/CMakeTmp

Run Build Command:"/usr/bin/make" "cmTC_549d3/fast"
/usr/bin/make -f CMakeFiles/cmTC_549d3.dir/build.make CMakeFiles/cmTC_549d3.dir/build
make[1]: se entra en el directorio '/home/luis/catkin_ws/build/mavros_msgs/CMakeFiles/CMakeTmp'
Building C object CMakeFiles/cmTC_549d3.dir/CheckFunctionExists.c.o
/usr/bin/cc    -DCHECK_FUNCTION_EXISTS=pthread_create   -o CMakeFiles/cmTC_549d3.dir/CheckFunctionExists.c.o   -c /usr/share/cmake-3.5/Modules/CheckFunctionExists.c
Linking C executable cmTC_549d3
/usr/bin/cmake -E cmake_link_script CMakeFiles/cmTC_549d3.dir/link.txt --verbose=1
/usr/bin/cc   -DCHECK_FUNCTION_EXISTS=pthread_create    CMakeFiles/cmTC_549d3.dir/CheckFunctionExists.c.o  -o cmTC_549d3 -rdynamic -lpthreads 
/usr/bin/ld: no se puede encontrar -lpthreads
collect2: error: ld returned 1 exit status
CMakeFiles/cmTC_549d3.dir/build.make:97: fallo en las instrucciones para el objetivo 'cmTC_549d3'
make[1]: *** [cmTC_549d3] Error 1
make[1]: se sale del directorio '/home/luis/catkin_ws/build/mavros_msgs/CMakeFiles/CMakeTmp'
Makefile:126: fallo en las instrucciones para el objetivo 'cmTC_549d3/fast'
make: *** [cmTC_549d3/fast] Error 2


